<?xml version="1.0" encoding="UTF-8"?>
<!-- Generated by org.testng.reporters.JUnitReportReporter -->
<testsuite hostname="Bender-ой" name="com.qtpselenium.suiteC.TestCase_C1" tests="1" failures="0" timestamp="16 Apr 2015 04:26:35 GMT" time="0,001" errors="0">
  <testcase name="testCase_C1" time="0,001" classname="com.qtpselenium.suiteC.TestCase_C1"/>
</testsuite>
