<?xml version="1.0" encoding="UTF-8"?>
<!-- Generated by org.testng.reporters.JUnitReportReporter -->
<testsuite hostname="Bender-ПК" name="com.qtpselenium.suiteShop.CheckProductDisplay" tests="1" failures="1" timestamp="29 Apr 2015 05:49:22 GMT" time="0.000" errors="0">
  <testcase name="checkProductDisplay" time="0.000" classname="com.qtpselenium.suiteShop.CheckProductDisplay"/>
</testsuite> <!-- com.qtpselenium.suiteShop.CheckProductDisplay -->
