<?xml version="1.0" encoding="UTF-8"?>
<!-- Generated by org.testng.reporters.JUnitReportReporter -->
<testsuite hostname="Bender-ПК" name="com.qtpselenium.suiteCart.CheckTotal" tests="1" failures="0" timestamp="29 Apr 2015 05:49:22 GMT" time="4.412" errors="0">
  <testcase name="CheckTotal" time="4.412" classname="com.qtpselenium.suiteCart.CheckTotal"/>
</testsuite> <!-- com.qtpselenium.suiteCart.CheckTotal -->
